INFO: Seed: 1102871738
INFO: Loaded 1 modules   (304 inline 8-bit counters): 304 [0x5af2e0, 0x5af410), 
INFO: Loaded 1 PC tables (304 PCs): 304 [0x5714a8,0x5727a8), 
INFO:       10 files found in /home/aziyatali/Desktop/LibFuzzer/src/seeds
INFO: -max_len is not provided; libFuzzer will not generate inputs larger than 4096 bytes
INFO: seed corpus: files: 10 min: 30b max: 1070b total: 2201b rss: 27Mb
#11	INITED cov: 19 ft: 20 corp: 1/30b exec/s: 0 rss: 29Mb
AddressSanitizer:DEADLYSIGNAL
=================================================================
==7240==ERROR: AddressSanitizer: SEGV on unknown address 0x000000000002 (pc 0x000000552200 bp 0x7ffd3d640dd0 sp 0x7ffd3d640ca0 T0)
==7240==The signal is caused by a READ memory access.
==7240==Hint: address points to the zero page.
    #0 0x552200 in fill_ihdr_rgb_alpha /home/aziyatali/Desktop/LibFuzzer/src/pngparser.c:738:17
    #1 0x552200 in store_ihdr_rgb_alpha /home/aziyatali/Desktop/LibFuzzer/src/pngparser.c:793:33
    #2 0x55670d in store_png_rgb_alpha /home/aziyatali/Desktop/LibFuzzer/src/pngparser.c:957:3
    #3 0x55670d in store_png /home/aziyatali/Desktop/LibFuzzer/src/pngparser.c:1016:5
    #4 0x54d9d2 in LLVMFuzzerTestOneInput /home/aziyatali/Desktop/LibFuzzer/src/fuzzer_store_png_rgba.c:13:7
    #5 0x4586f1 in fuzzer::Fuzzer::ExecuteCallback(unsigned char const*, unsigned long) (/home/aziyatali/Desktop/LibFuzzer/src/fuzzer_store_png_rgba+0x4586f1)
    #6 0x457e35 in fuzzer::Fuzzer::RunOne(unsigned char const*, unsigned long, bool, fuzzer::InputInfo*, bool*) (/home/aziyatali/Desktop/LibFuzzer/src/fuzzer_store_png_rgba+0x457e35)
    #7 0x45a0d7 in fuzzer::Fuzzer::MutateAndTestOne() (/home/aziyatali/Desktop/LibFuzzer/src/fuzzer_store_png_rgba+0x45a0d7)
    #8 0x45add5 in fuzzer::Fuzzer::Loop(std::__Fuzzer::vector<fuzzer::SizedFile, fuzzer::fuzzer_allocator<fuzzer::SizedFile> >&) (/home/aziyatali/Desktop/LibFuzzer/src/fuzzer_store_png_rgba+0x45add5)
    #9 0x44978e in fuzzer::FuzzerDriver(int*, char***, int (*)(unsigned char const*, unsigned long)) (/home/aziyatali/Desktop/LibFuzzer/src/fuzzer_store_png_rgba+0x44978e)
    #10 0x4725d2 in main (/home/aziyatali/Desktop/LibFuzzer/src/fuzzer_store_png_rgba+0x4725d2)
    #11 0x7f037281c0b2 in __libc_start_main /build/glibc-eX1tMB/glibc-2.31/csu/../csu/libc-start.c:308:16
    #12 0x41e52d in _start (/home/aziyatali/Desktop/LibFuzzer/src/fuzzer_store_png_rgba+0x41e52d)

AddressSanitizer can not provide additional info.
SUMMARY: AddressSanitizer: SEGV /home/aziyatali/Desktop/LibFuzzer/src/pngparser.c:738:17 in fill_ihdr_rgb_alpha
==7240==ABORTING
MS: 5 ChangeByte-CrossOver-ChangeByte-CrossOver-CopyPart-; base unit: 0df8f747f0aaef0a12af3ccd3e28ef402579e79c
0x0,0x4e,0x0,0x0,0x0,0x0,0x0,0x0,0x0,0x0,0x0,0x74,0xf5,0x7d,0xae,0xbc,0xff,0xff,0x86,0xd3,0x13,0x8b,0x0,0x7b,0x0,0x0,0x0,0x0,0x0,0x0,
\x00N\x00\x00\x00\x00\x00\x00\x00\x00\x00t\xf5}\xae\xbc\xff\xff\x86\xd3\x13\x8b\x00{\x00\x00\x00\x00\x00\x00
artifact_prefix='./'; Test unit written to ./crash-4dd8f91f3a6d6df6b6db6f9ce342cf6d177e3191

